<?xml version="1.0" encoding="UTF-8"?>
<!-- Generated by org.testng.reporters.JUnitXMLReporter -->
<testsuite ignored="0" hostname="LAPTOP-M18PKS68" failures="0" tests="3" name="Default test" time="0.099" errors="0" timestamp="2024-04-23T13:45:22 EDT">
  <testcase classname="com.Listeners.Runner" name="test1" time="0.026"/>
  <testcase classname="com.Listeners.Runner" name="test2" time="0.003"/>
  <testcase classname="com.Listeners.Runner" name="test3" time="0.003"/>
</testsuite> <!-- Default test -->
