<?xml version="1.0" encoding="UTF-8"?>
<testng-results ignored="0" total="3" passed="3" failed="0" skipped="0">
  <reporter-output>
  </reporter-output>
  <suite started-at="2024-04-23T20:39:41 EDT" name="Suite" finished-at="2024-04-23T20:39:41 EDT" duration-ms="107">
    <groups>
    </groups>
    <test started-at="2024-04-23T20:39:41 EDT" name="Test" finished-at="2024-04-23T20:39:41 EDT" duration-ms="107">
      <class name="com.Listeners.Runner">
        <test-method is-config="true" signature="beforeSuite()[pri:0, instance:com.Listeners.Runner@74235045]" started-at="2024-04-23T20:39:41 EDT" name="beforeSuite" finished-at="2024-04-23T20:39:41 EDT" duration-ms="12" status="PASS">
          <reporter-output>
          </reporter-output>
        </test-method> <!-- beforeSuite -->
        <test-method is-config="true" signature="beforeMethod()[pri:0, instance:com.Listeners.Runner@74235045]" started-at="2024-04-23T20:39:41 EDT" name="beforeMethod" finished-at="2024-04-23T20:39:41 EDT" duration-ms="3" status="PASS">
          <reporter-output>
          </reporter-output>
        </test-method> <!-- beforeMethod -->
        <test-method signature="test1()[pri:0, instance:com.Listeners.Runner@74235045]" started-at="2024-04-23T20:39:41 EDT" name="test1" finished-at="2024-04-23T20:39:41 EDT" duration-ms="26" status="PASS">
          <reporter-output>
          </reporter-output>
        </test-method> <!-- test1 -->
        <test-method is-config="true" signature="afterMethod()[pri:0, instance:com.Listeners.Runner@74235045]" started-at="2024-04-23T20:39:41 EDT" name="afterMethod" finished-at="2024-04-23T20:39:41 EDT" duration-ms="1" status="PASS">
          <reporter-output>
          </reporter-output>
        </test-method> <!-- afterMethod -->
        <test-method is-config="true" signature="beforeMethod()[pri:0, instance:com.Listeners.Runner@74235045]" started-at="2024-04-23T20:39:41 EDT" name="beforeMethod" finished-at="2024-04-23T20:39:41 EDT" duration-ms="1" status="PASS">
          <reporter-output>
          </reporter-output>
        </test-method> <!-- beforeMethod -->
        <test-method signature="test1()[pri:0, instance:com.Listeners.Runner@74235045]" started-at="2024-04-23T20:39:41 EDT" name="test1" finished-at="2024-04-23T20:39:41 EDT" duration-ms="3" status="PASS">
          <reporter-output>
          </reporter-output>
        </test-method> <!-- test1 -->
        <test-method is-config="true" signature="afterMethod()[pri:0, instance:com.Listeners.Runner@74235045]" started-at="2024-04-23T20:39:41 EDT" name="afterMethod" finished-at="2024-04-23T20:39:41 EDT" duration-ms="1" status="PASS">
          <reporter-output>
          </reporter-output>
        </test-method> <!-- afterMethod -->
        <test-method signature="test2()[pri:0, instance:com.Listeners.Runner@74235045]" started-at="2024-04-23T20:39:41 EDT" name="test2" finished-at="2024-04-23T20:39:41 EDT" duration-ms="2" status="PASS">
          <reporter-output>
          </reporter-output>
        </test-method> <!-- test2 -->
        <test-method is-config="true" signature="beforeMethod()[pri:0, instance:com.Listeners.Runner@74235045]" started-at="2024-04-23T20:39:41 EDT" name="beforeMethod" finished-at="2024-04-23T20:39:41 EDT" duration-ms="0" status="PASS">
          <reporter-output>
          </reporter-output>
        </test-method> <!-- beforeMethod -->
        <test-method is-config="true" signature="afterMethod()[pri:0, instance:com.Listeners.Runner@74235045]" started-at="2024-04-23T20:39:41 EDT" name="afterMethod" finished-at="2024-04-23T20:39:41 EDT" duration-ms="0" status="PASS">
          <reporter-output>
          </reporter-output>
        </test-method> <!-- afterMethod -->
        <test-method is-config="true" signature="afterSuite()[pri:0, instance:com.Listeners.Runner@74235045]" started-at="2024-04-23T20:39:41 EDT" name="afterSuite" finished-at="2024-04-23T20:39:41 EDT" duration-ms="1" status="PASS">
          <reporter-output>
          </reporter-output>
        </test-method> <!-- afterSuite -->
      </class> <!-- com.Listeners.Runner -->
    </test> <!-- Test -->
  </suite> <!-- Suite -->
</testng-results>
